<?xml version="1.0" encoding="UTF-8"?>
<!-- Generated by org.testng.reporters.JUnitXMLReporter -->
<testsuite ignored="0" hostname="DESKTOP-596VLTT" failures="0" tests="3" name="SubmitOrderTest" time="82.569" errors="0" timestamp="08 Nov 2024 17:03:17 GMT">
  <testcase classname="RKProject.Tests.Lect158_SubmitOrderTest" name="SubmitOrder" time="20.021"/>
  <testcase classname="RKProject.Tests.Lect158_SubmitOrderTest" name="SubmitOrder" time="16.274"/>
  <testcase classname="RKProject.Tests.Lect158_SubmitOrderTest" name="OrderHistoryTest" time="1.466"/>
</testsuite> <!-- SubmitOrderTest -->
