<?xml version="1.0" encoding="UTF-8"?>
<!-- Generated by org.testng.reporters.JUnitXMLReporter -->
<testsuite ignored="0" hostname="DESKTOP-596VLTT" failures="0" tests="2" name="ErrorValTest" time="44.452" errors="0" timestamp="09 Nov 2024 07:56:07 GMT">
  <testcase classname="RKProject.Tests.Lect167_ErrorValTest" name="LoginErrorValidation" time="3.748"/>
  <testcase classname="RKProject.Tests.Lect167_ErrorValTest" name="ProductErrorValidation" time="7.846"/>
</testsuite> <!-- ErrorValTest -->
