<?xml version="1.0" encoding="UTF-8"?>
<!-- Generated by org.testng.reporters.JUnitXMLReporter -->
<testsuite ignored="0" hostname="DESKTOP-596VLTT" failures="0" tests="3" name="SubmitOrderTest" time="71.431" errors="0" timestamp="09 Nov 2024 07:56:34 GMT">
  <testcase classname="RKProject.Tests.Lect158_SubmitOrderTest" name="SubmitOrder" time="24.773"/>
  <testcase classname="RKProject.Tests.Lect158_SubmitOrderTest" name="SubmitOrder" time="16.563"/>
  <testcase classname="RKProject.Tests.Lect158_SubmitOrderTest" name="OrderHistoryTest" time="1.546"/>
</testsuite> <!-- SubmitOrderTest -->
