<?xml version="1.0" encoding="UTF-8"?>
<testng-results ignored="0" total="5" passed="5" failed="0" skipped="0">
  <reporter-output>
  </reporter-output>
  <suite started-at="2024-11-09T07:55:22Z" name="Suite" finished-at="2024-11-09T07:56:34Z" duration-ms="71431">
    <groups>
      <group name="Purchase">
        <method signature="Lect158_SubmitOrderTest.SubmitOrder(java.util.HashMap)[pri:0, instance:RKProject.Tests.Lect158_SubmitOrderTest@676cf48]" name="SubmitOrder" class="RKProject.Tests.Lect158_SubmitOrderTest"/>
      </group> <!-- Purchase -->
      <group name="ErrorHandling">
        <method signature="Lect167_ErrorValTest.LoginErrorValidation()[pri:0, instance:RKProject.Tests.Lect167_ErrorValTest@53de625d]" name="LoginErrorValidation" class="RKProject.Tests.Lect167_ErrorValTest"/>
      </group> <!-- ErrorHandling -->
    </groups>
    <test started-at="2024-11-09T07:55:22Z" name="ErrorValTest" finished-at="2024-11-09T07:56:07Z" duration-ms="44452">
      <class name="RKProject.Tests.Lect167_ErrorValTest">
        <test-method is-config="true" signature="LaunchApplication()[pri:0, instance:RKProject.Tests.Lect167_ErrorValTest@53de625d]" started-at="2024-11-09T07:55:22Z" name="LaunchApplication" finished-at="2024-11-09T07:55:39Z" duration-ms="16967" status="PASS">
          <reporter-output>
          </reporter-output>
        </test-method> <!-- LaunchApplication -->
        <test-method signature="LoginErrorValidation()[pri:0, instance:RKProject.Tests.Lect167_ErrorValTest@53de625d]" started-at="2024-11-09T07:55:39Z" name="LoginErrorValidation" finished-at="2024-11-09T07:55:43Z" duration-ms="3748" status="PASS">
          <reporter-output>
          </reporter-output>
        </test-method> <!-- LoginErrorValidation -->
        <test-method is-config="true" signature="TearDown()[pri:0, instance:RKProject.Tests.Lect167_ErrorValTest@53de625d]" started-at="2024-11-09T07:55:43Z" name="TearDown" finished-at="2024-11-09T07:55:44Z" duration-ms="1124" status="PASS">
          <reporter-output>
          </reporter-output>
        </test-method> <!-- TearDown -->
        <test-method is-config="true" signature="LaunchApplication()[pri:0, instance:RKProject.Tests.Lect167_ErrorValTest@53de625d]" started-at="2024-11-09T07:55:44Z" name="LaunchApplication" finished-at="2024-11-09T07:55:58Z" duration-ms="14134" status="PASS">
          <reporter-output>
          </reporter-output>
        </test-method> <!-- LaunchApplication -->
        <test-method signature="ProductErrorValidation()[pri:0, instance:RKProject.Tests.Lect167_ErrorValTest@53de625d]" started-at="2024-11-09T07:55:58Z" name="ProductErrorValidation" finished-at="2024-11-09T07:56:06Z" duration-ms="7846" status="PASS">
          <reporter-output>
          </reporter-output>
        </test-method> <!-- ProductErrorValidation -->
        <test-method is-config="true" signature="TearDown()[pri:0, instance:RKProject.Tests.Lect167_ErrorValTest@53de625d]" started-at="2024-11-09T07:56:06Z" name="TearDown" finished-at="2024-11-09T07:56:07Z" duration-ms="549" status="PASS">
          <reporter-output>
          </reporter-output>
        </test-method> <!-- TearDown -->
      </class> <!-- RKProject.Tests.Lect167_ErrorValTest -->
    </test> <!-- ErrorValTest -->
    <test started-at="2024-11-09T07:55:22Z" name="SubmitOrderTest" finished-at="2024-11-09T07:56:34Z" duration-ms="71431">
      <class name="RKProject.Tests.Lect158_SubmitOrderTest">
        <test-method is-config="true" signature="LaunchApplication()[pri:0, instance:RKProject.Tests.Lect158_SubmitOrderTest@676cf48]" started-at="2024-11-09T07:55:23Z" name="LaunchApplication" finished-at="2024-11-09T07:55:39Z" duration-ms="16321" status="PASS">
          <reporter-output>
          </reporter-output>
        </test-method> <!-- LaunchApplication -->
        <test-method signature="SubmitOrder(java.util.HashMap)[pri:0, instance:RKProject.Tests.Lect158_SubmitOrderTest@676cf48]" started-at="2024-11-09T07:55:39Z" name="SubmitOrder" data-provider="getData" finished-at="2024-11-09T07:56:04Z" duration-ms="24773" status="PASS">
          <params>
            <param index="0">
              <value>
                <![CDATA[{pwd=Rahul@1234, product=ZARA COAT 3, email=rahul1234rahul1234@gmail.com}]]>
              </value>
            </param>
          </params>
          <reporter-output>
          </reporter-output>
        </test-method> <!-- SubmitOrder -->
        <test-method is-config="true" signature="TearDown()[pri:0, instance:RKProject.Tests.Lect158_SubmitOrderTest@676cf48]" started-at="2024-11-09T07:56:04Z" name="TearDown" finished-at="2024-11-09T07:56:05Z" duration-ms="1011" status="PASS">
          <reporter-output>
          </reporter-output>
        </test-method> <!-- TearDown -->
        <test-method is-config="true" signature="LaunchApplication()[pri:0, instance:RKProject.Tests.Lect158_SubmitOrderTest@676cf48]" started-at="2024-11-09T07:56:05Z" name="LaunchApplication" finished-at="2024-11-09T07:56:12Z" duration-ms="6602" status="PASS">
          <reporter-output>
          </reporter-output>
        </test-method> <!-- LaunchApplication -->
        <test-method signature="SubmitOrder(java.util.HashMap)[pri:0, instance:RKProject.Tests.Lect158_SubmitOrderTest@676cf48]" started-at="2024-11-09T07:56:12Z" name="SubmitOrder" data-provider="getData" finished-at="2024-11-09T07:56:28Z" duration-ms="16563" status="PASS">
          <params>
            <param index="0">
              <value>
                <![CDATA[{pwd=Rahul@1234, product=IPHONE 13 PRO, email=rahul1234@gmail.com}]]>
              </value>
            </param>
          </params>
          <reporter-output>
          </reporter-output>
        </test-method> <!-- SubmitOrder -->
        <test-method is-config="true" signature="TearDown()[pri:0, instance:RKProject.Tests.Lect158_SubmitOrderTest@676cf48]" started-at="2024-11-09T07:56:28Z" name="TearDown" finished-at="2024-11-09T07:56:28Z" duration-ms="311" status="PASS">
          <reporter-output>
          </reporter-output>
        </test-method> <!-- TearDown -->
        <test-method is-config="true" signature="LaunchApplication()[pri:0, instance:RKProject.Tests.Lect158_SubmitOrderTest@676cf48]" started-at="2024-11-09T07:56:28Z" name="LaunchApplication" finished-at="2024-11-09T07:56:32Z" duration-ms="3477" status="PASS">
          <reporter-output>
          </reporter-output>
        </test-method> <!-- LaunchApplication -->
        <test-method signature="OrderHistoryTest()[pri:0, instance:RKProject.Tests.Lect158_SubmitOrderTest@676cf48]" started-at="2024-11-09T07:56:32Z" name="OrderHistoryTest" finished-at="2024-11-09T07:56:34Z" depends-on-methods="RKProject.Tests.Lect158_SubmitOrderTest.SubmitOrder" duration-ms="1546" status="PASS">
          <reporter-output>
          </reporter-output>
        </test-method> <!-- OrderHistoryTest -->
        <test-method is-config="true" signature="TearDown()[pri:0, instance:RKProject.Tests.Lect158_SubmitOrderTest@676cf48]" started-at="2024-11-09T07:56:34Z" name="TearDown" finished-at="2024-11-09T07:56:34Z" duration-ms="279" status="PASS">
          <reporter-output>
          </reporter-output>
        </test-method> <!-- TearDown -->
      </class> <!-- RKProject.Tests.Lect158_SubmitOrderTest -->
    </test> <!-- SubmitOrderTest -->
  </suite> <!-- Suite -->
</testng-results>
