<?xml version="1.0" encoding="UTF-8"?>
<testng-results ignored="0" total="5" passed="5" failed="0" skipped="0">
  <reporter-output>
  </reporter-output>
  <suite started-at="2024-11-08T17:01:55Z" name="Suite" finished-at="2024-11-08T17:03:17Z" duration-ms="82569">
    <groups>
      <group name="Purchase">
        <method signature="Lect158_SubmitOrderTest.SubmitOrder(java.util.HashMap)[pri:0, instance:RKProject.Tests.Lect158_SubmitOrderTest@4a335fa8]" name="SubmitOrder" class="RKProject.Tests.Lect158_SubmitOrderTest"/>
      </group> <!-- Purchase -->
      <group name="ErrorHandling">
        <method signature="Lect167_ErrorValTest.LoginErrorValidation()[pri:0, instance:RKProject.Tests.Lect167_ErrorValTest@15c25153]" name="LoginErrorValidation" class="RKProject.Tests.Lect167_ErrorValTest"/>
      </group> <!-- ErrorHandling -->
    </groups>
    <test started-at="2024-11-08T17:01:55Z" name="ErrorValTest" finished-at="2024-11-08T17:03:05Z" duration-ms="69682">
      <class name="RKProject.Tests.Lect167_ErrorValTest">
        <test-method is-config="true" signature="LaunchApplication()[pri:0, instance:RKProject.Tests.Lect167_ErrorValTest@15c25153]" started-at="2024-11-08T17:01:55Z" name="LaunchApplication" finished-at="2024-11-08T17:02:25Z" duration-ms="29963" status="PASS">
          <reporter-output>
          </reporter-output>
        </test-method> <!-- LaunchApplication -->
        <test-method signature="LoginErrorValidation()[pri:0, instance:RKProject.Tests.Lect167_ErrorValTest@15c25153]" started-at="2024-11-08T17:02:25Z" name="LoginErrorValidation" finished-at="2024-11-08T17:02:28Z" duration-ms="3000" status="PASS">
          <reporter-output>
          </reporter-output>
        </test-method> <!-- LoginErrorValidation -->
        <test-method is-config="true" signature="TearDown()[pri:0, instance:RKProject.Tests.Lect167_ErrorValTest@15c25153]" started-at="2024-11-08T17:02:28Z" name="TearDown" finished-at="2024-11-08T17:02:29Z" duration-ms="927" status="PASS">
          <reporter-output>
          </reporter-output>
        </test-method> <!-- TearDown -->
        <test-method is-config="true" signature="LaunchApplication()[pri:0, instance:RKProject.Tests.Lect167_ErrorValTest@15c25153]" started-at="2024-11-08T17:02:29Z" name="LaunchApplication" finished-at="2024-11-08T17:02:39Z" duration-ms="10317" status="PASS">
          <reporter-output>
          </reporter-output>
        </test-method> <!-- LaunchApplication -->
        <test-method signature="ProductErrorValidation()[pri:0, instance:RKProject.Tests.Lect167_ErrorValTest@15c25153]" started-at="2024-11-08T17:02:39Z" name="ProductErrorValidation" finished-at="2024-11-08T17:03:04Z" duration-ms="24953" status="PASS">
          <reporter-output>
          </reporter-output>
        </test-method> <!-- ProductErrorValidation -->
        <test-method is-config="true" signature="TearDown()[pri:0, instance:RKProject.Tests.Lect167_ErrorValTest@15c25153]" started-at="2024-11-08T17:03:04Z" name="TearDown" finished-at="2024-11-08T17:03:05Z" duration-ms="438" status="PASS">
          <reporter-output>
          </reporter-output>
        </test-method> <!-- TearDown -->
      </class> <!-- RKProject.Tests.Lect167_ErrorValTest -->
    </test> <!-- ErrorValTest -->
    <test started-at="2024-11-08T17:01:55Z" name="SubmitOrderTest" finished-at="2024-11-08T17:03:17Z" duration-ms="82569">
      <class name="RKProject.Tests.Lect158_SubmitOrderTest">
        <test-method is-config="true" signature="LaunchApplication()[pri:0, instance:RKProject.Tests.Lect158_SubmitOrderTest@4a335fa8]" started-at="2024-11-08T17:01:56Z" name="LaunchApplication" finished-at="2024-11-08T17:02:24Z" duration-ms="28437" status="PASS">
          <reporter-output>
          </reporter-output>
        </test-method> <!-- LaunchApplication -->
        <test-method signature="SubmitOrder(java.util.HashMap)[pri:0, instance:RKProject.Tests.Lect158_SubmitOrderTest@4a335fa8]" started-at="2024-11-08T17:02:24Z" name="SubmitOrder" data-provider="getData" finished-at="2024-11-08T17:02:44Z" duration-ms="20021" status="PASS">
          <params>
            <param index="0">
              <value>
                <![CDATA[{product=ZARA COAT 3, pwd=Rahul@1234, email=rahul1234rahul1234@gmail.com}]]>
              </value>
            </param>
          </params>
          <reporter-output>
          </reporter-output>
        </test-method> <!-- SubmitOrder -->
        <test-method is-config="true" signature="TearDown()[pri:0, instance:RKProject.Tests.Lect158_SubmitOrderTest@4a335fa8]" started-at="2024-11-08T17:02:44Z" name="TearDown" finished-at="2024-11-08T17:02:44Z" duration-ms="394" status="PASS">
          <reporter-output>
          </reporter-output>
        </test-method> <!-- TearDown -->
        <test-method is-config="true" signature="LaunchApplication()[pri:0, instance:RKProject.Tests.Lect158_SubmitOrderTest@4a335fa8]" started-at="2024-11-08T17:02:44Z" name="LaunchApplication" finished-at="2024-11-08T17:02:52Z" duration-ms="7626" status="PASS">
          <reporter-output>
          </reporter-output>
        </test-method> <!-- LaunchApplication -->
        <test-method signature="SubmitOrder(java.util.HashMap)[pri:0, instance:RKProject.Tests.Lect158_SubmitOrderTest@4a335fa8]" started-at="2024-11-08T17:02:52Z" name="SubmitOrder" data-provider="getData" finished-at="2024-11-08T17:03:08Z" duration-ms="16274" status="PASS">
          <params>
            <param index="0">
              <value>
                <![CDATA[{product=IPHONE 13 PRO, pwd=Rahul@1234, email=rahul1234@gmail.com}]]>
              </value>
            </param>
          </params>
          <reporter-output>
          </reporter-output>
        </test-method> <!-- SubmitOrder -->
        <test-method is-config="true" signature="TearDown()[pri:0, instance:RKProject.Tests.Lect158_SubmitOrderTest@4a335fa8]" started-at="2024-11-08T17:03:08Z" name="TearDown" finished-at="2024-11-08T17:03:09Z" duration-ms="433" status="PASS">
          <reporter-output>
          </reporter-output>
        </test-method> <!-- TearDown -->
        <test-method is-config="true" signature="LaunchApplication()[pri:0, instance:RKProject.Tests.Lect158_SubmitOrderTest@4a335fa8]" started-at="2024-11-08T17:03:09Z" name="LaunchApplication" finished-at="2024-11-08T17:03:16Z" duration-ms="7086" status="PASS">
          <reporter-output>
          </reporter-output>
        </test-method> <!-- LaunchApplication -->
        <test-method signature="OrderHistoryTest()[pri:0, instance:RKProject.Tests.Lect158_SubmitOrderTest@4a335fa8]" started-at="2024-11-08T17:03:16Z" name="OrderHistoryTest" finished-at="2024-11-08T17:03:17Z" depends-on-methods="RKProject.Tests.Lect158_SubmitOrderTest.SubmitOrder" duration-ms="1466" status="PASS">
          <reporter-output>
          </reporter-output>
        </test-method> <!-- OrderHistoryTest -->
        <test-method is-config="true" signature="TearDown()[pri:0, instance:RKProject.Tests.Lect158_SubmitOrderTest@4a335fa8]" started-at="2024-11-08T17:03:17Z" name="TearDown" finished-at="2024-11-08T17:03:17Z" duration-ms="193" status="PASS">
          <reporter-output>
          </reporter-output>
        </test-method> <!-- TearDown -->
      </class> <!-- RKProject.Tests.Lect158_SubmitOrderTest -->
    </test> <!-- SubmitOrderTest -->
  </suite> <!-- Suite -->
</testng-results>
