<?xml version="1.0" encoding="UTF-8"?>
<!-- Generated by org.testng.reporters.JUnitXMLReporter -->
<testsuite ignored="1" hostname="DESKTOP-596VLTT" failures="0" tests="2" name="SubmitOrderTest" time="53.988" errors="0" timestamp="04 Nov 2024 14:27:35 GMT">
  <testcase classname="RKProject.Tests.Lect158_SubmitOrderTest" name="SubmitOrder" time="17.341"/>
  <testcase classname="RKProject.Tests.Lect158_SubmitOrderTest" name="SubmitOrder" time="16.433"/>
  <testcase classname="RKProject.Tests.Lect158_SubmitOrderTest" name="OrderHistoryTest" time="0.0">
    <ignored/>
  </testcase> <!-- OrderHistoryTest -->
</testsuite> <!-- SubmitOrderTest -->
